Determining if the pthread_create exist failed with the following output:
Change Dir: /home/matt/JBOT_Working/catkin_ws/build/ur_bringup/CMakeFiles/CMakeTmp

Run Build Command:"/usr/bin/make" "cmTC_9f433/fast"
/usr/bin/make -f CMakeFiles/cmTC_9f433.dir/build.make CMakeFiles/cmTC_9f433.dir/build
make[1]: Entering directory '/home/matt/JBOT_Working/catkin_ws/build/ur_bringup/CMakeFiles/CMakeTmp'
Building C object CMakeFiles/cmTC_9f433.dir/CheckSymbolExists.c.o
/usr/bin/cc    -o CMakeFiles/cmTC_9f433.dir/CheckSymbolExists.c.o   -c /home/matt/JBOT_Working/catkin_ws/build/ur_bringup/CMakeFiles/CMakeTmp/CheckSymbolExists.c
Linking C executable cmTC_9f433
/usr/bin/cmake -E cmake_link_script CMakeFiles/cmTC_9f433.dir/link.txt --verbose=1
/usr/bin/cc      -rdynamic CMakeFiles/cmTC_9f433.dir/CheckSymbolExists.c.o  -o cmTC_9f433 
CMakeFiles/cmTC_9f433.dir/CheckSymbolExists.c.o: In function `main':
CheckSymbolExists.c:(.text+0x1b): undefined reference to `pthread_create'
collect2: error: ld returned 1 exit status
CMakeFiles/cmTC_9f433.dir/build.make:97: recipe for target 'cmTC_9f433' failed
make[1]: *** [cmTC_9f433] Error 1
make[1]: Leaving directory '/home/matt/JBOT_Working/catkin_ws/build/ur_bringup/CMakeFiles/CMakeTmp'
Makefile:126: recipe for target 'cmTC_9f433/fast' failed
make: *** [cmTC_9f433/fast] Error 2

File /home/matt/JBOT_Working/catkin_ws/build/ur_bringup/CMakeFiles/CMakeTmp/CheckSymbolExists.c:
/* */
#include <pthread.h>

int main(int argc, char** argv)
{
  (void)argv;
#ifndef pthread_create
  return ((int*)(&pthread_create))[argc];
#else
  (void)argc;
  return 0;
#endif
}

Determining if the function pthread_create exists in the pthreads failed with the following output:
Change Dir: /home/matt/JBOT_Working/catkin_ws/build/ur_bringup/CMakeFiles/CMakeTmp

Run Build Command:"/usr/bin/make" "cmTC_e0767/fast"
/usr/bin/make -f CMakeFiles/cmTC_e0767.dir/build.make CMakeFiles/cmTC_e0767.dir/build
make[1]: Entering directory '/home/matt/JBOT_Working/catkin_ws/build/ur_bringup/CMakeFiles/CMakeTmp'
Building C object CMakeFiles/cmTC_e0767.dir/CheckFunctionExists.c.o
/usr/bin/cc   -DCHECK_FUNCTION_EXISTS=pthread_create   -o CMakeFiles/cmTC_e0767.dir/CheckFunctionExists.c.o   -c /usr/share/cmake-3.10/Modules/CheckFunctionExists.c
Linking C executable cmTC_e0767
/usr/bin/cmake -E cmake_link_script CMakeFiles/cmTC_e0767.dir/link.txt --verbose=1
/usr/bin/cc  -DCHECK_FUNCTION_EXISTS=pthread_create    -rdynamic CMakeFiles/cmTC_e0767.dir/CheckFunctionExists.c.o  -o cmTC_e0767 -lpthreads 
/usr/bin/ld: cannot find -lpthreads
collect2: error: ld returned 1 exit status
CMakeFiles/cmTC_e0767.dir/build.make:97: recipe for target 'cmTC_e0767' failed
make[1]: *** [cmTC_e0767] Error 1
make[1]: Leaving directory '/home/matt/JBOT_Working/catkin_ws/build/ur_bringup/CMakeFiles/CMakeTmp'
Makefile:126: recipe for target 'cmTC_e0767/fast' failed
make: *** [cmTC_e0767/fast] Error 2


