Determining if the pthread_create exist failed with the following output:
Change Dir: /home/matt/JBOT_Working/catkin_ws/build/ur_dashboard_msgs/CMakeFiles/CMakeTmp

Run Build Command:"/usr/bin/make" "cmTC_53492/fast"
/usr/bin/make -f CMakeFiles/cmTC_53492.dir/build.make CMakeFiles/cmTC_53492.dir/build
make[1]: Entering directory '/home/matt/JBOT_Working/catkin_ws/build/ur_dashboard_msgs/CMakeFiles/CMakeTmp'
Building C object CMakeFiles/cmTC_53492.dir/CheckSymbolExists.c.o
/usr/bin/cc    -o CMakeFiles/cmTC_53492.dir/CheckSymbolExists.c.o   -c /home/matt/JBOT_Working/catkin_ws/build/ur_dashboard_msgs/CMakeFiles/CMakeTmp/CheckSymbolExists.c
Linking C executable cmTC_53492
/usr/bin/cmake -E cmake_link_script CMakeFiles/cmTC_53492.dir/link.txt --verbose=1
/usr/bin/cc      -rdynamic CMakeFiles/cmTC_53492.dir/CheckSymbolExists.c.o  -o cmTC_53492 
CMakeFiles/cmTC_53492.dir/CheckSymbolExists.c.o: In function `main':
CheckSymbolExists.c:(.text+0x1b): undefined reference to `pthread_create'
collect2: error: ld returned 1 exit status
CMakeFiles/cmTC_53492.dir/build.make:97: recipe for target 'cmTC_53492' failed
make[1]: *** [cmTC_53492] Error 1
make[1]: Leaving directory '/home/matt/JBOT_Working/catkin_ws/build/ur_dashboard_msgs/CMakeFiles/CMakeTmp'
Makefile:126: recipe for target 'cmTC_53492/fast' failed
make: *** [cmTC_53492/fast] Error 2

File /home/matt/JBOT_Working/catkin_ws/build/ur_dashboard_msgs/CMakeFiles/CMakeTmp/CheckSymbolExists.c:
/* */
#include <pthread.h>

int main(int argc, char** argv)
{
  (void)argv;
#ifndef pthread_create
  return ((int*)(&pthread_create))[argc];
#else
  (void)argc;
  return 0;
#endif
}

Determining if the function pthread_create exists in the pthreads failed with the following output:
Change Dir: /home/matt/JBOT_Working/catkin_ws/build/ur_dashboard_msgs/CMakeFiles/CMakeTmp

Run Build Command:"/usr/bin/make" "cmTC_40cee/fast"
/usr/bin/make -f CMakeFiles/cmTC_40cee.dir/build.make CMakeFiles/cmTC_40cee.dir/build
make[1]: Entering directory '/home/matt/JBOT_Working/catkin_ws/build/ur_dashboard_msgs/CMakeFiles/CMakeTmp'
Building C object CMakeFiles/cmTC_40cee.dir/CheckFunctionExists.c.o
/usr/bin/cc   -DCHECK_FUNCTION_EXISTS=pthread_create   -o CMakeFiles/cmTC_40cee.dir/CheckFunctionExists.c.o   -c /usr/share/cmake-3.10/Modules/CheckFunctionExists.c
Linking C executable cmTC_40cee
/usr/bin/cmake -E cmake_link_script CMakeFiles/cmTC_40cee.dir/link.txt --verbose=1
/usr/bin/cc  -DCHECK_FUNCTION_EXISTS=pthread_create    -rdynamic CMakeFiles/cmTC_40cee.dir/CheckFunctionExists.c.o  -o cmTC_40cee -lpthreads 
/usr/bin/ld: cannot find -lpthreads
collect2: error: ld returned 1 exit status
CMakeFiles/cmTC_40cee.dir/build.make:97: recipe for target 'cmTC_40cee' failed
make[1]: *** [cmTC_40cee] Error 1
make[1]: Leaving directory '/home/matt/JBOT_Working/catkin_ws/build/ur_dashboard_msgs/CMakeFiles/CMakeTmp'
Makefile:126: recipe for target 'cmTC_40cee/fast' failed
make: *** [cmTC_40cee/fast] Error 2


