Determining if the pthread_create exist failed with the following output:
Change Dir: /home/matt/JBOT_Working/catkin_ws/build/robotiq_3f_rviz/CMakeFiles/CMakeTmp

Run Build Command:"/usr/bin/make" "cmTC_8eacb/fast"
/usr/bin/make -f CMakeFiles/cmTC_8eacb.dir/build.make CMakeFiles/cmTC_8eacb.dir/build
make[1]: Entering directory '/home/matt/JBOT_Working/catkin_ws/build/robotiq_3f_rviz/CMakeFiles/CMakeTmp'
Building C object CMakeFiles/cmTC_8eacb.dir/CheckSymbolExists.c.o
/usr/bin/cc    -o CMakeFiles/cmTC_8eacb.dir/CheckSymbolExists.c.o   -c /home/matt/JBOT_Working/catkin_ws/build/robotiq_3f_rviz/CMakeFiles/CMakeTmp/CheckSymbolExists.c
Linking C executable cmTC_8eacb
/usr/bin/cmake -E cmake_link_script CMakeFiles/cmTC_8eacb.dir/link.txt --verbose=1
/usr/bin/cc      -rdynamic CMakeFiles/cmTC_8eacb.dir/CheckSymbolExists.c.o  -o cmTC_8eacb 
CMakeFiles/cmTC_8eacb.dir/CheckSymbolExists.c.o: In function `main':
CheckSymbolExists.c:(.text+0x1b): undefined reference to `pthread_create'
collect2: error: ld returned 1 exit status
CMakeFiles/cmTC_8eacb.dir/build.make:97: recipe for target 'cmTC_8eacb' failed
make[1]: *** [cmTC_8eacb] Error 1
make[1]: Leaving directory '/home/matt/JBOT_Working/catkin_ws/build/robotiq_3f_rviz/CMakeFiles/CMakeTmp'
Makefile:126: recipe for target 'cmTC_8eacb/fast' failed
make: *** [cmTC_8eacb/fast] Error 2

File /home/matt/JBOT_Working/catkin_ws/build/robotiq_3f_rviz/CMakeFiles/CMakeTmp/CheckSymbolExists.c:
/* */
#include <pthread.h>

int main(int argc, char** argv)
{
  (void)argv;
#ifndef pthread_create
  return ((int*)(&pthread_create))[argc];
#else
  (void)argc;
  return 0;
#endif
}

Determining if the function pthread_create exists in the pthreads failed with the following output:
Change Dir: /home/matt/JBOT_Working/catkin_ws/build/robotiq_3f_rviz/CMakeFiles/CMakeTmp

Run Build Command:"/usr/bin/make" "cmTC_bd2f2/fast"
/usr/bin/make -f CMakeFiles/cmTC_bd2f2.dir/build.make CMakeFiles/cmTC_bd2f2.dir/build
make[1]: Entering directory '/home/matt/JBOT_Working/catkin_ws/build/robotiq_3f_rviz/CMakeFiles/CMakeTmp'
Building C object CMakeFiles/cmTC_bd2f2.dir/CheckFunctionExists.c.o
/usr/bin/cc   -DCHECK_FUNCTION_EXISTS=pthread_create   -o CMakeFiles/cmTC_bd2f2.dir/CheckFunctionExists.c.o   -c /usr/share/cmake-3.10/Modules/CheckFunctionExists.c
Linking C executable cmTC_bd2f2
/usr/bin/cmake -E cmake_link_script CMakeFiles/cmTC_bd2f2.dir/link.txt --verbose=1
/usr/bin/cc  -DCHECK_FUNCTION_EXISTS=pthread_create    -rdynamic CMakeFiles/cmTC_bd2f2.dir/CheckFunctionExists.c.o  -o cmTC_bd2f2 -lpthreads 
/usr/bin/ld: cannot find -lpthreads
collect2: error: ld returned 1 exit status
CMakeFiles/cmTC_bd2f2.dir/build.make:97: recipe for target 'cmTC_bd2f2' failed
make[1]: *** [cmTC_bd2f2] Error 1
make[1]: Leaving directory '/home/matt/JBOT_Working/catkin_ws/build/robotiq_3f_rviz/CMakeFiles/CMakeTmp'
Makefile:126: recipe for target 'cmTC_bd2f2/fast' failed
make: *** [cmTC_bd2f2/fast] Error 2


