Determining if the pthread_create exist failed with the following output:
Change Dir: /home/matt/JBOT_Working/catkin_ws/build/robotiq_modbus_rtu/CMakeFiles/CMakeTmp

Run Build Command:"/usr/bin/make" "cmTC_1838f/fast"
/usr/bin/make -f CMakeFiles/cmTC_1838f.dir/build.make CMakeFiles/cmTC_1838f.dir/build
make[1]: Entering directory '/home/matt/JBOT_Working/catkin_ws/build/robotiq_modbus_rtu/CMakeFiles/CMakeTmp'
Building C object CMakeFiles/cmTC_1838f.dir/CheckSymbolExists.c.o
/usr/bin/cc    -o CMakeFiles/cmTC_1838f.dir/CheckSymbolExists.c.o   -c /home/matt/JBOT_Working/catkin_ws/build/robotiq_modbus_rtu/CMakeFiles/CMakeTmp/CheckSymbolExists.c
Linking C executable cmTC_1838f
/usr/bin/cmake -E cmake_link_script CMakeFiles/cmTC_1838f.dir/link.txt --verbose=1
/usr/bin/cc      -rdynamic CMakeFiles/cmTC_1838f.dir/CheckSymbolExists.c.o  -o cmTC_1838f 
CMakeFiles/cmTC_1838f.dir/CheckSymbolExists.c.o: In function `main':
CheckSymbolExists.c:(.text+0x1b): undefined reference to `pthread_create'
collect2: error: ld returned 1 exit status
CMakeFiles/cmTC_1838f.dir/build.make:97: recipe for target 'cmTC_1838f' failed
make[1]: *** [cmTC_1838f] Error 1
make[1]: Leaving directory '/home/matt/JBOT_Working/catkin_ws/build/robotiq_modbus_rtu/CMakeFiles/CMakeTmp'
Makefile:126: recipe for target 'cmTC_1838f/fast' failed
make: *** [cmTC_1838f/fast] Error 2

File /home/matt/JBOT_Working/catkin_ws/build/robotiq_modbus_rtu/CMakeFiles/CMakeTmp/CheckSymbolExists.c:
/* */
#include <pthread.h>

int main(int argc, char** argv)
{
  (void)argv;
#ifndef pthread_create
  return ((int*)(&pthread_create))[argc];
#else
  (void)argc;
  return 0;
#endif
}

Determining if the function pthread_create exists in the pthreads failed with the following output:
Change Dir: /home/matt/JBOT_Working/catkin_ws/build/robotiq_modbus_rtu/CMakeFiles/CMakeTmp

Run Build Command:"/usr/bin/make" "cmTC_be70c/fast"
/usr/bin/make -f CMakeFiles/cmTC_be70c.dir/build.make CMakeFiles/cmTC_be70c.dir/build
make[1]: Entering directory '/home/matt/JBOT_Working/catkin_ws/build/robotiq_modbus_rtu/CMakeFiles/CMakeTmp'
Building C object CMakeFiles/cmTC_be70c.dir/CheckFunctionExists.c.o
/usr/bin/cc   -DCHECK_FUNCTION_EXISTS=pthread_create   -o CMakeFiles/cmTC_be70c.dir/CheckFunctionExists.c.o   -c /usr/share/cmake-3.10/Modules/CheckFunctionExists.c
Linking C executable cmTC_be70c
/usr/bin/cmake -E cmake_link_script CMakeFiles/cmTC_be70c.dir/link.txt --verbose=1
/usr/bin/cc  -DCHECK_FUNCTION_EXISTS=pthread_create    -rdynamic CMakeFiles/cmTC_be70c.dir/CheckFunctionExists.c.o  -o cmTC_be70c -lpthreads 
/usr/bin/ld: cannot find -lpthreads
collect2: error: ld returned 1 exit status
CMakeFiles/cmTC_be70c.dir/build.make:97: recipe for target 'cmTC_be70c' failed
make[1]: *** [cmTC_be70c] Error 1
make[1]: Leaving directory '/home/matt/JBOT_Working/catkin_ws/build/robotiq_modbus_rtu/CMakeFiles/CMakeTmp'
Makefile:126: recipe for target 'cmTC_be70c/fast' failed
make: *** [cmTC_be70c/fast] Error 2


