[35m[1mScanning dependencies of target control_toolbox_generate_messages_cpp[0m
[35m[1mScanning dependencies of target ur_msgs_generate_messages_py[0m
[  0%] Built target control_toolbox_generate_messages_cpp
[  0%] Built target ur_msgs_generate_messages_py
[35m[1mScanning dependencies of target ur_msgs_generate_messages_nodejs[0m
[35m[1mScanning dependencies of target ur_msgs_generate_messages_lisp[0m
[  0%] Built target ur_msgs_generate_messages_nodejs
[  0%] Built target ur_msgs_generate_messages_lisp
[35m[1mScanning dependencies of target ur_msgs_generate_messages_eus[0m
[35m[1mScanning dependencies of target ur_msgs_generate_messages_cpp[0m
[  0%] Built target ur_msgs_generate_messages_eus
[  0%] Built target ur_msgs_generate_messages_cpp
[35m[1mScanning dependencies of target ur_dashboard_msgs_generate_messages_py[0m
[  0%] Built target ur_dashboard_msgs_generate_messages_py
[35m[1mScanning dependencies of target ur_dashboard_msgs_generate_messages_lisp[0m
[  0%] Built target ur_dashboard_msgs_generate_messages_lisp
[35m[1mScanning dependencies of target ur_dashboard_msgs_generate_messages_eus[0m
[35m[1mScanning dependencies of target ur_dashboard_msgs_generate_messages_cpp[0m
[  0%] Built target ur_dashboard_msgs_generate_messages_eus
[  0%] Built target ur_dashboard_msgs_generate_messages_cpp
[35m[1mScanning dependencies of target dynamic_reconfigure_generate_messages_py[0m
[  0%] Built target dynamic_reconfigure_generate_messages_py
[35m[1mScanning dependencies of target dynamic_reconfigure_generate_messages_nodejs[0m
[35m[1mScanning dependencies of target dynamic_reconfigure_generate_messages_lisp[0m
[  0%] Built target dynamic_reconfigure_generate_messages_nodejs
[  0%] Built target dynamic_reconfigure_generate_messages_lisp
[35m[1mScanning dependencies of target dynamic_reconfigure_generate_messages_eus[0m
[35m[1mScanning dependencies of target control_msgs_generate_messages_cpp[0m
[  0%] Built target dynamic_reconfigure_generate_messages_eus
[  0%] Built target control_msgs_generate_messages_cpp
[35m[1mScanning dependencies of target roscpp_generate_messages_py[0m
[35m[1mScanning dependencies of target geometry_msgs_generate_messages_eus[0m
[  0%] Built target roscpp_generate_messages_py
[  0%] Built target geometry_msgs_generate_messages_eus
[35m[1mScanning dependencies of target rosgraph_msgs_generate_messages_cpp[0m
[35m[1mScanning dependencies of target control_toolbox_generate_messages_nodejs[0m
[  0%] Built target rosgraph_msgs_generate_messages_cpp
[35m[1mScanning dependencies of target control_toolbox_generate_messages_py[0m
[  0%] Built target control_toolbox_generate_messages_nodejs
[35m[1mScanning dependencies of target sensor_msgs_generate_messages_eus[0m
[  0%] Built target control_toolbox_generate_messages_py
[  0%] Built target sensor_msgs_generate_messages_eus
[35m[1mScanning dependencies of target std_msgs_generate_messages_nodejs[0m
[35m[1mScanning dependencies of target roscpp_generate_messages_nodejs[0m
[  0%] Built target std_msgs_generate_messages_nodejs
[35m[1mScanning dependencies of target std_msgs_generate_messages_lisp[0m
[  0%] Built target roscpp_generate_messages_nodejs
[35m[1mScanning dependencies of target control_toolbox_generate_messages_lisp[0m
[  0%] Built target std_msgs_generate_messages_lisp
[35m[1mScanning dependencies of target rosgraph_msgs_generate_messages_lisp[0m
[  0%] Built target control_toolbox_generate_messages_lisp
[35m[1mScanning dependencies of target actionlib_generate_messages_cpp[0m
[  0%] Built target rosgraph_msgs_generate_messages_lisp
[  0%] Built target actionlib_generate_messages_cpp
[35m[1mScanning dependencies of target control_msgs_generate_messages_nodejs[0m
[35m[1mScanning dependencies of target roscpp_generate_messages_cpp[0m
[  0%] Built target control_msgs_generate_messages_nodejs
[35m[1mScanning dependencies of target sensor_msgs_generate_messages_nodejs[0m
[  0%] Built target roscpp_generate_messages_cpp
[  0%] Built target sensor_msgs_generate_messages_nodejs
[35m[1mScanning dependencies of target control_msgs_generate_messages_eus[0m
[35m[1mScanning dependencies of target sensor_msgs_generate_messages_lisp[0m
[  0%] Built target control_msgs_generate_messages_eus
[35m[1mScanning dependencies of target roscpp_generate_messages_lisp[0m
[  0%] Built target sensor_msgs_generate_messages_lisp
[  0%] Built target roscpp_generate_messages_lisp
[35m[1mScanning dependencies of target std_srvs_generate_messages_eus[0m
[35m[1mScanning dependencies of target geometry_msgs_generate_messages_nodejs[0m
[  0%] Built target std_srvs_generate_messages_eus
[  0%] Built target geometry_msgs_generate_messages_nodejs
[35m[1mScanning dependencies of target std_msgs_generate_messages_cpp[0m
[35m[1mScanning dependencies of target actionlib_msgs_generate_messages_nodejs[0m
[  0%] Built target std_msgs_generate_messages_cpp
[  0%] Built target actionlib_msgs_generate_messages_nodejs
[35m[1mScanning dependencies of target actionlib_generate_messages_eus[0m
[  0%] Built target actionlib_generate_messages_eus
[35m[1mScanning dependencies of target std_srvs_generate_messages_nodejs[0m
[  0%] Built target std_srvs_generate_messages_nodejs
[35m[1mScanning dependencies of target control_msgs_generate_messages_py[0m
[35m[1mScanning dependencies of target rosgraph_msgs_generate_messages_nodejs[0m
[  0%] Built target control_msgs_generate_messages_py
[  0%] Built target rosgraph_msgs_generate_messages_nodejs
[35m[1mScanning dependencies of target std_msgs_generate_messages_py[0m
[35m[1mScanning dependencies of target control_toolbox_gencfg[0m
[  0%] Built target std_msgs_generate_messages_py
[  0%] Built target control_toolbox_gencfg
[35m[1mScanning dependencies of target std_msgs_generate_messages_eus[0m
[35m[1mScanning dependencies of target trajectory_msgs_generate_messages_py[0m
[  0%] Built target std_msgs_generate_messages_eus
[  0%] Built target trajectory_msgs_generate_messages_py
[35m[1mScanning dependencies of target control_msgs_generate_messages_lisp[0m
[35m[1mScanning dependencies of target tf_generate_messages_cpp[0m
[  0%] Built target control_msgs_generate_messages_lisp
[  0%] Built target tf_generate_messages_cpp
[35m[1mScanning dependencies of target actionlib_generate_messages_nodejs[0m
[35m[1mScanning dependencies of target rosgraph_msgs_generate_messages_eus[0m
[  0%] Built target actionlib_generate_messages_nodejs
[  0%] Built target rosgraph_msgs_generate_messages_eus
[35m[1mScanning dependencies of target std_srvs_generate_messages_cpp[0m
[35m[1mScanning dependencies of target roscpp_generate_messages_eus[0m
[  0%] Built target std_srvs_generate_messages_cpp
[  0%] Built target roscpp_generate_messages_eus
[35m[1mScanning dependencies of target rosgraph_msgs_generate_messages_py[0m
[35m[1mScanning dependencies of target actionlib_msgs_generate_messages_eus[0m
[  0%] Built target rosgraph_msgs_generate_messages_py
[  0%] Built target actionlib_msgs_generate_messages_eus
[35m[1mScanning dependencies of target actionlib_msgs_generate_messages_lisp[0m
[35m[1mScanning dependencies of target actionlib_msgs_generate_messages_py[0m
[  0%] Built target actionlib_msgs_generate_messages_lisp
[  0%] Built target actionlib_msgs_generate_messages_py
[35m[1mScanning dependencies of target controller_manager_msgs_generate_messages_cpp[0m
[35m[1mScanning dependencies of target controller_manager_msgs_generate_messages_nodejs[0m
[  0%] Built target controller_manager_msgs_generate_messages_cpp
[  0%] Built target controller_manager_msgs_generate_messages_nodejs
[35m[1mScanning dependencies of target actionlib_generate_messages_lisp[0m
[35m[1mScanning dependencies of target geometry_msgs_generate_messages_cpp[0m
[  0%] Built target actionlib_generate_messages_lisp
[  0%] Built target geometry_msgs_generate_messages_cpp
[35m[1mScanning dependencies of target geometry_msgs_generate_messages_lisp[0m
[35m[1mScanning dependencies of target geometry_msgs_generate_messages_py[0m
[  0%] Built target geometry_msgs_generate_messages_lisp
[  0%] Built target geometry_msgs_generate_messages_py
[35m[1mScanning dependencies of target trajectory_msgs_generate_messages_cpp[0m
[35m[1mScanning dependencies of target trajectory_msgs_generate_messages_lisp[0m
[  0%] Built target trajectory_msgs_generate_messages_cpp
[  0%] Built target trajectory_msgs_generate_messages_lisp
[35m[1mScanning dependencies of target trajectory_msgs_generate_messages_eus[0m
[35m[1mScanning dependencies of target trajectory_msgs_generate_messages_nodejs[0m
[  0%] Built target trajectory_msgs_generate_messages_nodejs
[  0%] Built target trajectory_msgs_generate_messages_eus
[35m[1mScanning dependencies of target controller_manager_msgs_generate_messages_eus[0m
[35m[1mScanning dependencies of target sensor_msgs_generate_messages_cpp[0m
[  0%] Built target controller_manager_msgs_generate_messages_eus
[  0%] Built target sensor_msgs_generate_messages_cpp
[35m[1mScanning dependencies of target controller_manager_msgs_generate_messages_py[0m
[35m[1mScanning dependencies of target controller_manager_msgs_generate_messages_lisp[0m
[  0%] Built target controller_manager_msgs_generate_messages_py
[  0%] Built target controller_manager_msgs_generate_messages_lisp
[35m[1mScanning dependencies of target _catkin_empty_exported_target[0m
[35m[1mScanning dependencies of target std_srvs_generate_messages_lisp[0m
[  0%] Built target _catkin_empty_exported_target
[  0%] Built target std_srvs_generate_messages_lisp
[35m[1mScanning dependencies of target sensor_msgs_generate_messages_py[0m
[35m[1mScanning dependencies of target dynamic_reconfigure_generate_messages_cpp[0m
[  0%] Built target sensor_msgs_generate_messages_py
[  0%] Built target dynamic_reconfigure_generate_messages_cpp
[35m[1mScanning dependencies of target tf_generate_messages_py[0m
[35m[1mScanning dependencies of target std_srvs_generate_messages_py[0m
[  0%] Built target tf_generate_messages_py
[  0%] Built target std_srvs_generate_messages_py
[35m[1mScanning dependencies of target actionlib_msgs_generate_messages_cpp[0m
[35m[1mScanning dependencies of target tf_generate_messages_eus[0m
[  0%] Built target actionlib_msgs_generate_messages_cpp
[  0%] Built target tf_generate_messages_eus
[35m[1mScanning dependencies of target tf_generate_messages_lisp[0m
[  0%] Built target tf_generate_messages_lisp
[35m[1mScanning dependencies of target tf_generate_messages_nodejs[0m
[  0%] Built target tf_generate_messages_nodejs
[35m[1mScanning dependencies of target control_toolbox_generate_messages_eus[0m
[35m[1mScanning dependencies of target ur_dashboard_msgs_generate_messages_nodejs[0m
[  0%] Built target control_toolbox_generate_messages_eus
[  0%] Built target ur_dashboard_msgs_generate_messages_nodejs
[35m[1mScanning dependencies of target tf2_msgs_generate_messages_cpp[0m
[35m[1mScanning dependencies of target tf2_msgs_generate_messages_eus[0m
[  0%] Built target tf2_msgs_generate_messages_cpp
[  0%] Built target tf2_msgs_generate_messages_eus
[35m[1mScanning dependencies of target dynamic_reconfigure_gencfg[0m
[35m[1mScanning dependencies of target tf2_msgs_generate_messages_lisp[0m
[  0%] Built target dynamic_reconfigure_gencfg
[  0%] Built target tf2_msgs_generate_messages_lisp
[35m[1mScanning dependencies of target actionlib_generate_messages_py[0m
[  0%] Built target actionlib_generate_messages_py
[35m[1mScanning dependencies of target tf2_msgs_generate_messages_py[0m
[  0%] Built target tf2_msgs_generate_messages_py
[35m[1mScanning dependencies of target tf2_msgs_generate_messages_nodejs[0m
[  0%] Built target tf2_msgs_generate_messages_nodejs
[35m[1mScanning dependencies of target robot_state_helper[0m
[35m[1mScanning dependencies of target dashboard_client[0m
[35m[1mScanning dependencies of target ur_robot_driver_node[0m
[  7%] [32mBuilding CXX object CMakeFiles/dashboard_client.dir/src/dashboard_client_ros.cpp.o[0m
[ 15%] [32mBuilding CXX object CMakeFiles/robot_state_helper.dir/src/robot_state_helper.cpp.o[0m
[ 23%] [32mBuilding CXX object CMakeFiles/ur_robot_driver_node.dir/src/dashboard_client_ros.cpp.o[0m
[35m[1mScanning dependencies of target ur_robot_driver_plugin[0m
[ 30%] [32mBuilding CXX object CMakeFiles/ur_robot_driver_plugin.dir/src/dashboard_client_ros.cpp.o[0m
[ 38%] [32mBuilding CXX object CMakeFiles/ur_robot_driver_plugin.dir/src/hardware_interface.cpp.o[0m
[ 46%] [32mBuilding CXX object CMakeFiles/robot_state_helper.dir/src/robot_state_helper_node.cpp.o[0m
[ 53%] [32mBuilding CXX object CMakeFiles/dashboard_client.dir/src/dashboard_client_node.cpp.o[0m
[ 61%] [32mBuilding CXX object CMakeFiles/ur_robot_driver_node.dir/src/hardware_interface.cpp.o[0m
[ 69%] [32mBuilding CXX object CMakeFiles/ur_robot_driver_node.dir/src/hardware_interface_node.cpp.o[0m
[ 76%] [32m[1mLinking CXX executable /home/matt/JBOT_Working/catkin_ws/devel/.private/ur_robot_driver/lib/ur_robot_driver/dashboard_client[0m
[ 76%] Built target dashboard_client
[ 84%] [32m[1mLinking CXX executable /home/matt/JBOT_Working/catkin_ws/devel/.private/ur_robot_driver/lib/ur_robot_driver/robot_state_helper[0m
[ 84%] Built target robot_state_helper
[01m[K/home/matt/JBOT_Working/catkin_ws/src/Universal_Robots_ROS_Driver/ur_robot_driver/src/hardware_interface.cpp:[m[K In member function ‘[01m[Kvoid ur_driver::HardwareInterface::extractToolPose(const ros::Time&)[m[K’:
[01m[K/home/matt/JBOT_Working/catkin_ws/src/Universal_Robots_ROS_Driver/ur_robot_driver/src/hardware_interface.cpp:702:37:[m[K [01;35m[Kwarning: [m[K‘[01m[Krotation.tf2::QuadWord::m_floats[3][m[K’ may be used uninitialized in this function [[01;35m[K-Wmaybe-uninitialized[m[K]
   [01;35m[Ktcp_transform_.transform.rotation = tf2::toMsg(rotation)[m[K;
   [01;35m[K~~~~~~~~~~~~~~~~~~~~~~~~~~~~~~~~~~^~~~~~~~~~~~~~~~~~~~~~[m[K
[01m[K/home/matt/JBOT_Working/catkin_ws/src/Universal_Robots_ROS_Driver/ur_robot_driver/src/hardware_interface.cpp:702:37:[m[K [01;35m[Kwarning: [m[K‘[01m[Krotation.tf2::QuadWord::m_floats[2][m[K’ may be used uninitialized in this function [[01;35m[K-Wmaybe-uninitialized[m[K]
[01m[K/home/matt/JBOT_Working/catkin_ws/src/Universal_Robots_ROS_Driver/ur_robot_driver/src/hardware_interface.cpp:702:37:[m[K [01;35m[Kwarning: [m[K‘[01m[Krotation.tf2::QuadWord::m_floats[1][m[K’ may be used uninitialized in this function [[01;35m[K-Wmaybe-uninitialized[m[K]
[01m[K/home/matt/JBOT_Working/catkin_ws/src/Universal_Robots_ROS_Driver/ur_robot_driver/src/hardware_interface.cpp:702:37:[m[K [01;35m[Kwarning: [m[K‘[01m[Krotation.tf2::QuadWord::m_floats[0][m[K’ may be used uninitialized in this function [[01;35m[K-Wmaybe-uninitialized[m[K]
[01m[K/home/matt/JBOT_Working/catkin_ws/src/Universal_Robots_ROS_Driver/ur_robot_driver/src/hardware_interface.cpp:[m[K In member function ‘[01m[Kvoid ur_driver::HardwareInterface::extractToolPose(const ros::Time&)[m[K’:
[01m[K/home/matt/JBOT_Working/catkin_ws/src/Universal_Robots_ROS_Driver/ur_robot_driver/src/hardware_interface.cpp:702:37:[m[K [01;35m[Kwarning: [m[K‘[01m[Krotation.tf2::QuadWord::m_floats[3][m[K’ may be used uninitialized in this function [[01;35m[K-Wmaybe-uninitialized[m[K]
   [01;35m[Ktcp_transform_.transform.rotation = tf2::toMsg(rotation)[m[K;
   [01;35m[K~~~~~~~~~~~~~~~~~~~~~~~~~~~~~~~~~~^~~~~~~~~~~~~~~~~~~~~~[m[K
[01m[K/home/matt/JBOT_Working/catkin_ws/src/Universal_Robots_ROS_Driver/ur_robot_driver/src/hardware_interface.cpp:702:37:[m[K [01;35m[Kwarning: [m[K‘[01m[Krotation.tf2::QuadWord::m_floats[2][m[K’ may be used uninitialized in this function [[01;35m[K-Wmaybe-uninitialized[m[K]
[01m[K/home/matt/JBOT_Working/catkin_ws/src/Universal_Robots_ROS_Driver/ur_robot_driver/src/hardware_interface.cpp:702:37:[m[K [01;35m[Kwarning: [m[K‘[01m[Krotation.tf2::QuadWord::m_floats[1][m[K’ may be used uninitialized in this function [[01;35m[K-Wmaybe-uninitialized[m[K]
[01m[K/home/matt/JBOT_Working/catkin_ws/src/Universal_Robots_ROS_Driver/ur_robot_driver/src/hardware_interface.cpp:702:37:[m[K [01;35m[Kwarning: [m[K‘[01m[Krotation.tf2::QuadWord::m_floats[0][m[K’ may be used uninitialized in this function [[01;35m[K-Wmaybe-uninitialized[m[K]
[ 92%] [32m[1mLinking CXX shared library /home/matt/JBOT_Working/catkin_ws/devel/.private/ur_robot_driver/lib/libur_robot_driver_plugin.so[0m
[ 92%] Built target ur_robot_driver_plugin
[100%] [32m[1mLinking CXX executable /home/matt/JBOT_Working/catkin_ws/devel/.private/ur_robot_driver/lib/ur_robot_driver/ur_robot_driver_node[0m
[100%] Built target ur_robot_driver_node
