Determining if the pthread_create exist failed with the following output:
Change Dir: /home/matt/JBOT_Working/catkin_ws/build/ur_client_library/CMakeFiles/CMakeTmp

Run Build Command:"/usr/bin/make" "cmTC_ae9da/fast"
/usr/bin/make -f CMakeFiles/cmTC_ae9da.dir/build.make CMakeFiles/cmTC_ae9da.dir/build
make[1]: Entering directory '/home/matt/JBOT_Working/catkin_ws/build/ur_client_library/CMakeFiles/CMakeTmp'
Building C object CMakeFiles/cmTC_ae9da.dir/CheckSymbolExists.c.o
/usr/bin/cc    -o CMakeFiles/cmTC_ae9da.dir/CheckSymbolExists.c.o   -c /home/matt/JBOT_Working/catkin_ws/build/ur_client_library/CMakeFiles/CMakeTmp/CheckSymbolExists.c
Linking C executable cmTC_ae9da
/usr/bin/cmake -E cmake_link_script CMakeFiles/cmTC_ae9da.dir/link.txt --verbose=1
/usr/bin/cc      -rdynamic CMakeFiles/cmTC_ae9da.dir/CheckSymbolExists.c.o  -o cmTC_ae9da 
CMakeFiles/cmTC_ae9da.dir/CheckSymbolExists.c.o: In function `main':
CheckSymbolExists.c:(.text+0x1b): undefined reference to `pthread_create'
collect2: error: ld returned 1 exit status
CMakeFiles/cmTC_ae9da.dir/build.make:97: recipe for target 'cmTC_ae9da' failed
make[1]: *** [cmTC_ae9da] Error 1
make[1]: Leaving directory '/home/matt/JBOT_Working/catkin_ws/build/ur_client_library/CMakeFiles/CMakeTmp'
Makefile:126: recipe for target 'cmTC_ae9da/fast' failed
make: *** [cmTC_ae9da/fast] Error 2

File /home/matt/JBOT_Working/catkin_ws/build/ur_client_library/CMakeFiles/CMakeTmp/CheckSymbolExists.c:
/* */
#include <pthread.h>

int main(int argc, char** argv)
{
  (void)argv;
#ifndef pthread_create
  return ((int*)(&pthread_create))[argc];
#else
  (void)argc;
  return 0;
#endif
}

Determining if the function pthread_create exists in the pthreads failed with the following output:
Change Dir: /home/matt/JBOT_Working/catkin_ws/build/ur_client_library/CMakeFiles/CMakeTmp

Run Build Command:"/usr/bin/make" "cmTC_82d99/fast"
/usr/bin/make -f CMakeFiles/cmTC_82d99.dir/build.make CMakeFiles/cmTC_82d99.dir/build
make[1]: Entering directory '/home/matt/JBOT_Working/catkin_ws/build/ur_client_library/CMakeFiles/CMakeTmp'
Building C object CMakeFiles/cmTC_82d99.dir/CheckFunctionExists.c.o
/usr/bin/cc   -DCHECK_FUNCTION_EXISTS=pthread_create   -o CMakeFiles/cmTC_82d99.dir/CheckFunctionExists.c.o   -c /usr/share/cmake-3.10/Modules/CheckFunctionExists.c
Linking C executable cmTC_82d99
/usr/bin/cmake -E cmake_link_script CMakeFiles/cmTC_82d99.dir/link.txt --verbose=1
/usr/bin/cc  -DCHECK_FUNCTION_EXISTS=pthread_create    -rdynamic CMakeFiles/cmTC_82d99.dir/CheckFunctionExists.c.o  -o cmTC_82d99 -lpthreads 
/usr/bin/ld: cannot find -lpthreads
collect2: error: ld returned 1 exit status
CMakeFiles/cmTC_82d99.dir/build.make:97: recipe for target 'cmTC_82d99' failed
make[1]: *** [cmTC_82d99] Error 1
make[1]: Leaving directory '/home/matt/JBOT_Working/catkin_ws/build/ur_client_library/CMakeFiles/CMakeTmp'
Makefile:126: recipe for target 'cmTC_82d99/fast' failed
make: *** [cmTC_82d99/fast] Error 2


