Determining if the pthread_create exist failed with the following output:
Change Dir: /home/matt/JBOT_Working/catkin_ws/build/ur_e_description/CMakeFiles/CMakeTmp

Run Build Command:"/usr/bin/make" "cmTC_3916d/fast"
/usr/bin/make -f CMakeFiles/cmTC_3916d.dir/build.make CMakeFiles/cmTC_3916d.dir/build
make[1]: Entering directory '/home/matt/JBOT_Working/catkin_ws/build/ur_e_description/CMakeFiles/CMakeTmp'
Building C object CMakeFiles/cmTC_3916d.dir/CheckSymbolExists.c.o
/usr/bin/cc    -o CMakeFiles/cmTC_3916d.dir/CheckSymbolExists.c.o   -c /home/matt/JBOT_Working/catkin_ws/build/ur_e_description/CMakeFiles/CMakeTmp/CheckSymbolExists.c
Linking C executable cmTC_3916d
/usr/bin/cmake -E cmake_link_script CMakeFiles/cmTC_3916d.dir/link.txt --verbose=1
/usr/bin/cc      -rdynamic CMakeFiles/cmTC_3916d.dir/CheckSymbolExists.c.o  -o cmTC_3916d 
CMakeFiles/cmTC_3916d.dir/CheckSymbolExists.c.o: In function `main':
CheckSymbolExists.c:(.text+0x1b): undefined reference to `pthread_create'
collect2: error: ld returned 1 exit status
CMakeFiles/cmTC_3916d.dir/build.make:97: recipe for target 'cmTC_3916d' failed
make[1]: *** [cmTC_3916d] Error 1
make[1]: Leaving directory '/home/matt/JBOT_Working/catkin_ws/build/ur_e_description/CMakeFiles/CMakeTmp'
Makefile:126: recipe for target 'cmTC_3916d/fast' failed
make: *** [cmTC_3916d/fast] Error 2

File /home/matt/JBOT_Working/catkin_ws/build/ur_e_description/CMakeFiles/CMakeTmp/CheckSymbolExists.c:
/* */
#include <pthread.h>

int main(int argc, char** argv)
{
  (void)argv;
#ifndef pthread_create
  return ((int*)(&pthread_create))[argc];
#else
  (void)argc;
  return 0;
#endif
}

Determining if the function pthread_create exists in the pthreads failed with the following output:
Change Dir: /home/matt/JBOT_Working/catkin_ws/build/ur_e_description/CMakeFiles/CMakeTmp

Run Build Command:"/usr/bin/make" "cmTC_d8a2b/fast"
/usr/bin/make -f CMakeFiles/cmTC_d8a2b.dir/build.make CMakeFiles/cmTC_d8a2b.dir/build
make[1]: Entering directory '/home/matt/JBOT_Working/catkin_ws/build/ur_e_description/CMakeFiles/CMakeTmp'
Building C object CMakeFiles/cmTC_d8a2b.dir/CheckFunctionExists.c.o
/usr/bin/cc   -DCHECK_FUNCTION_EXISTS=pthread_create   -o CMakeFiles/cmTC_d8a2b.dir/CheckFunctionExists.c.o   -c /usr/share/cmake-3.10/Modules/CheckFunctionExists.c
Linking C executable cmTC_d8a2b
/usr/bin/cmake -E cmake_link_script CMakeFiles/cmTC_d8a2b.dir/link.txt --verbose=1
/usr/bin/cc  -DCHECK_FUNCTION_EXISTS=pthread_create    -rdynamic CMakeFiles/cmTC_d8a2b.dir/CheckFunctionExists.c.o  -o cmTC_d8a2b -lpthreads 
/usr/bin/ld: cannot find -lpthreads
collect2: error: ld returned 1 exit status
CMakeFiles/cmTC_d8a2b.dir/build.make:97: recipe for target 'cmTC_d8a2b' failed
make[1]: *** [cmTC_d8a2b] Error 1
make[1]: Leaving directory '/home/matt/JBOT_Working/catkin_ws/build/ur_e_description/CMakeFiles/CMakeTmp'
Makefile:126: recipe for target 'cmTC_d8a2b/fast' failed
make: *** [cmTC_d8a2b/fast] Error 2


