Determining if the pthread_create exist failed with the following output:
Change Dir: /home/matt/JBOT_Working/catkin_ws/build/catkin_tools_prebuild/CMakeFiles/CMakeTmp

Run Build Command:"/usr/bin/make" "cmTC_c189b/fast"
/usr/bin/make -f CMakeFiles/cmTC_c189b.dir/build.make CMakeFiles/cmTC_c189b.dir/build
make[1]: Entering directory '/home/matt/JBOT_Working/catkin_ws/build/catkin_tools_prebuild/CMakeFiles/CMakeTmp'
Building C object CMakeFiles/cmTC_c189b.dir/CheckSymbolExists.c.o
/usr/bin/cc    -o CMakeFiles/cmTC_c189b.dir/CheckSymbolExists.c.o   -c /home/matt/JBOT_Working/catkin_ws/build/catkin_tools_prebuild/CMakeFiles/CMakeTmp/CheckSymbolExists.c
Linking C executable cmTC_c189b
/usr/bin/cmake -E cmake_link_script CMakeFiles/cmTC_c189b.dir/link.txt --verbose=1
/usr/bin/cc      -rdynamic CMakeFiles/cmTC_c189b.dir/CheckSymbolExists.c.o  -o cmTC_c189b 
CMakeFiles/cmTC_c189b.dir/CheckSymbolExists.c.o: In function `main':
CheckSymbolExists.c:(.text+0x1b): undefined reference to `pthread_create'
collect2: error: ld returned 1 exit status
CMakeFiles/cmTC_c189b.dir/build.make:97: recipe for target 'cmTC_c189b' failed
make[1]: *** [cmTC_c189b] Error 1
make[1]: Leaving directory '/home/matt/JBOT_Working/catkin_ws/build/catkin_tools_prebuild/CMakeFiles/CMakeTmp'
Makefile:126: recipe for target 'cmTC_c189b/fast' failed
make: *** [cmTC_c189b/fast] Error 2

File /home/matt/JBOT_Working/catkin_ws/build/catkin_tools_prebuild/CMakeFiles/CMakeTmp/CheckSymbolExists.c:
/* */
#include <pthread.h>

int main(int argc, char** argv)
{
  (void)argv;
#ifndef pthread_create
  return ((int*)(&pthread_create))[argc];
#else
  (void)argc;
  return 0;
#endif
}

Determining if the function pthread_create exists in the pthreads failed with the following output:
Change Dir: /home/matt/JBOT_Working/catkin_ws/build/catkin_tools_prebuild/CMakeFiles/CMakeTmp

Run Build Command:"/usr/bin/make" "cmTC_4c186/fast"
/usr/bin/make -f CMakeFiles/cmTC_4c186.dir/build.make CMakeFiles/cmTC_4c186.dir/build
make[1]: Entering directory '/home/matt/JBOT_Working/catkin_ws/build/catkin_tools_prebuild/CMakeFiles/CMakeTmp'
Building C object CMakeFiles/cmTC_4c186.dir/CheckFunctionExists.c.o
/usr/bin/cc   -DCHECK_FUNCTION_EXISTS=pthread_create   -o CMakeFiles/cmTC_4c186.dir/CheckFunctionExists.c.o   -c /usr/share/cmake-3.10/Modules/CheckFunctionExists.c
Linking C executable cmTC_4c186
/usr/bin/cmake -E cmake_link_script CMakeFiles/cmTC_4c186.dir/link.txt --verbose=1
/usr/bin/cc  -DCHECK_FUNCTION_EXISTS=pthread_create    -rdynamic CMakeFiles/cmTC_4c186.dir/CheckFunctionExists.c.o  -o cmTC_4c186 -lpthreads 
/usr/bin/ld: cannot find -lpthreads
collect2: error: ld returned 1 exit status
CMakeFiles/cmTC_4c186.dir/build.make:97: recipe for target 'cmTC_4c186' failed
make[1]: *** [cmTC_4c186] Error 1
make[1]: Leaving directory '/home/matt/JBOT_Working/catkin_ws/build/catkin_tools_prebuild/CMakeFiles/CMakeTmp'
Makefile:126: recipe for target 'cmTC_4c186/fast' failed
make: *** [cmTC_4c186/fast] Error 2


