Determining if the pthread_create exist failed with the following output:
Change Dir: /home/matt/JBOT_Working/catkin_ws/build/robotiq_3f_gripper_joint_state_publisher/CMakeFiles/CMakeTmp

Run Build Command:"/usr/bin/make" "cmTC_6ef0d/fast"
/usr/bin/make -f CMakeFiles/cmTC_6ef0d.dir/build.make CMakeFiles/cmTC_6ef0d.dir/build
make[1]: Entering directory '/home/matt/JBOT_Working/catkin_ws/build/robotiq_3f_gripper_joint_state_publisher/CMakeFiles/CMakeTmp'
Building C object CMakeFiles/cmTC_6ef0d.dir/CheckSymbolExists.c.o
/usr/bin/cc    -o CMakeFiles/cmTC_6ef0d.dir/CheckSymbolExists.c.o   -c /home/matt/JBOT_Working/catkin_ws/build/robotiq_3f_gripper_joint_state_publisher/CMakeFiles/CMakeTmp/CheckSymbolExists.c
Linking C executable cmTC_6ef0d
/usr/bin/cmake -E cmake_link_script CMakeFiles/cmTC_6ef0d.dir/link.txt --verbose=1
/usr/bin/cc      -rdynamic CMakeFiles/cmTC_6ef0d.dir/CheckSymbolExists.c.o  -o cmTC_6ef0d 
CMakeFiles/cmTC_6ef0d.dir/CheckSymbolExists.c.o: In function `main':
CheckSymbolExists.c:(.text+0x1b): undefined reference to `pthread_create'
collect2: error: ld returned 1 exit status
CMakeFiles/cmTC_6ef0d.dir/build.make:97: recipe for target 'cmTC_6ef0d' failed
make[1]: *** [cmTC_6ef0d] Error 1
make[1]: Leaving directory '/home/matt/JBOT_Working/catkin_ws/build/robotiq_3f_gripper_joint_state_publisher/CMakeFiles/CMakeTmp'
Makefile:126: recipe for target 'cmTC_6ef0d/fast' failed
make: *** [cmTC_6ef0d/fast] Error 2

File /home/matt/JBOT_Working/catkin_ws/build/robotiq_3f_gripper_joint_state_publisher/CMakeFiles/CMakeTmp/CheckSymbolExists.c:
/* */
#include <pthread.h>

int main(int argc, char** argv)
{
  (void)argv;
#ifndef pthread_create
  return ((int*)(&pthread_create))[argc];
#else
  (void)argc;
  return 0;
#endif
}

Determining if the function pthread_create exists in the pthreads failed with the following output:
Change Dir: /home/matt/JBOT_Working/catkin_ws/build/robotiq_3f_gripper_joint_state_publisher/CMakeFiles/CMakeTmp

Run Build Command:"/usr/bin/make" "cmTC_dfc66/fast"
/usr/bin/make -f CMakeFiles/cmTC_dfc66.dir/build.make CMakeFiles/cmTC_dfc66.dir/build
make[1]: Entering directory '/home/matt/JBOT_Working/catkin_ws/build/robotiq_3f_gripper_joint_state_publisher/CMakeFiles/CMakeTmp'
Building C object CMakeFiles/cmTC_dfc66.dir/CheckFunctionExists.c.o
/usr/bin/cc   -DCHECK_FUNCTION_EXISTS=pthread_create   -o CMakeFiles/cmTC_dfc66.dir/CheckFunctionExists.c.o   -c /usr/share/cmake-3.10/Modules/CheckFunctionExists.c
Linking C executable cmTC_dfc66
/usr/bin/cmake -E cmake_link_script CMakeFiles/cmTC_dfc66.dir/link.txt --verbose=1
/usr/bin/cc  -DCHECK_FUNCTION_EXISTS=pthread_create    -rdynamic CMakeFiles/cmTC_dfc66.dir/CheckFunctionExists.c.o  -o cmTC_dfc66 -lpthreads 
/usr/bin/ld: cannot find -lpthreads
collect2: error: ld returned 1 exit status
CMakeFiles/cmTC_dfc66.dir/build.make:97: recipe for target 'cmTC_dfc66' failed
make[1]: *** [cmTC_dfc66] Error 1
make[1]: Leaving directory '/home/matt/JBOT_Working/catkin_ws/build/robotiq_3f_gripper_joint_state_publisher/CMakeFiles/CMakeTmp'
Makefile:126: recipe for target 'cmTC_dfc66/fast' failed
make: *** [cmTC_dfc66/fast] Error 2


