Determining if the pthread_create exist failed with the following output:
Change Dir: /home/matt/JBOT_Working/catkin_ws/build/robotiq_2f_85_gripper_visualization/CMakeFiles/CMakeTmp

Run Build Command:"/usr/bin/make" "cmTC_d8edf/fast"
/usr/bin/make -f CMakeFiles/cmTC_d8edf.dir/build.make CMakeFiles/cmTC_d8edf.dir/build
make[1]: Entering directory '/home/matt/JBOT_Working/catkin_ws/build/robotiq_2f_85_gripper_visualization/CMakeFiles/CMakeTmp'
Building C object CMakeFiles/cmTC_d8edf.dir/CheckSymbolExists.c.o
/usr/bin/cc    -o CMakeFiles/cmTC_d8edf.dir/CheckSymbolExists.c.o   -c /home/matt/JBOT_Working/catkin_ws/build/robotiq_2f_85_gripper_visualization/CMakeFiles/CMakeTmp/CheckSymbolExists.c
Linking C executable cmTC_d8edf
/usr/bin/cmake -E cmake_link_script CMakeFiles/cmTC_d8edf.dir/link.txt --verbose=1
/usr/bin/cc      -rdynamic CMakeFiles/cmTC_d8edf.dir/CheckSymbolExists.c.o  -o cmTC_d8edf 
CMakeFiles/cmTC_d8edf.dir/CheckSymbolExists.c.o: In function `main':
CheckSymbolExists.c:(.text+0x1b): undefined reference to `pthread_create'
collect2: error: ld returned 1 exit status
CMakeFiles/cmTC_d8edf.dir/build.make:97: recipe for target 'cmTC_d8edf' failed
make[1]: *** [cmTC_d8edf] Error 1
make[1]: Leaving directory '/home/matt/JBOT_Working/catkin_ws/build/robotiq_2f_85_gripper_visualization/CMakeFiles/CMakeTmp'
Makefile:126: recipe for target 'cmTC_d8edf/fast' failed
make: *** [cmTC_d8edf/fast] Error 2

File /home/matt/JBOT_Working/catkin_ws/build/robotiq_2f_85_gripper_visualization/CMakeFiles/CMakeTmp/CheckSymbolExists.c:
/* */
#include <pthread.h>

int main(int argc, char** argv)
{
  (void)argv;
#ifndef pthread_create
  return ((int*)(&pthread_create))[argc];
#else
  (void)argc;
  return 0;
#endif
}

Determining if the function pthread_create exists in the pthreads failed with the following output:
Change Dir: /home/matt/JBOT_Working/catkin_ws/build/robotiq_2f_85_gripper_visualization/CMakeFiles/CMakeTmp

Run Build Command:"/usr/bin/make" "cmTC_9887e/fast"
/usr/bin/make -f CMakeFiles/cmTC_9887e.dir/build.make CMakeFiles/cmTC_9887e.dir/build
make[1]: Entering directory '/home/matt/JBOT_Working/catkin_ws/build/robotiq_2f_85_gripper_visualization/CMakeFiles/CMakeTmp'
Building C object CMakeFiles/cmTC_9887e.dir/CheckFunctionExists.c.o
/usr/bin/cc   -DCHECK_FUNCTION_EXISTS=pthread_create   -o CMakeFiles/cmTC_9887e.dir/CheckFunctionExists.c.o   -c /usr/share/cmake-3.10/Modules/CheckFunctionExists.c
Linking C executable cmTC_9887e
/usr/bin/cmake -E cmake_link_script CMakeFiles/cmTC_9887e.dir/link.txt --verbose=1
/usr/bin/cc  -DCHECK_FUNCTION_EXISTS=pthread_create    -rdynamic CMakeFiles/cmTC_9887e.dir/CheckFunctionExists.c.o  -o cmTC_9887e -lpthreads 
/usr/bin/ld: cannot find -lpthreads
collect2: error: ld returned 1 exit status
CMakeFiles/cmTC_9887e.dir/build.make:97: recipe for target 'cmTC_9887e' failed
make[1]: *** [cmTC_9887e] Error 1
make[1]: Leaving directory '/home/matt/JBOT_Working/catkin_ws/build/robotiq_2f_85_gripper_visualization/CMakeFiles/CMakeTmp'
Makefile:126: recipe for target 'cmTC_9887e/fast' failed
make: *** [cmTC_9887e/fast] Error 2


