Determining if the pthread_create exist failed with the following output:
Change Dir: /home/matt/JBOT_Working/catkin_ws/build/robotiq_3f_gripper_articulated_gazebo/CMakeFiles/CMakeTmp

Run Build Command:"/usr/bin/make" "cmTC_45264/fast"
/usr/bin/make -f CMakeFiles/cmTC_45264.dir/build.make CMakeFiles/cmTC_45264.dir/build
make[1]: Entering directory '/home/matt/JBOT_Working/catkin_ws/build/robotiq_3f_gripper_articulated_gazebo/CMakeFiles/CMakeTmp'
Building C object CMakeFiles/cmTC_45264.dir/CheckSymbolExists.c.o
/usr/bin/cc    -o CMakeFiles/cmTC_45264.dir/CheckSymbolExists.c.o   -c /home/matt/JBOT_Working/catkin_ws/build/robotiq_3f_gripper_articulated_gazebo/CMakeFiles/CMakeTmp/CheckSymbolExists.c
Linking C executable cmTC_45264
/usr/bin/cmake -E cmake_link_script CMakeFiles/cmTC_45264.dir/link.txt --verbose=1
/usr/bin/cc      -rdynamic CMakeFiles/cmTC_45264.dir/CheckSymbolExists.c.o  -o cmTC_45264 
CMakeFiles/cmTC_45264.dir/CheckSymbolExists.c.o: In function `main':
CheckSymbolExists.c:(.text+0x1b): undefined reference to `pthread_create'
collect2: error: ld returned 1 exit status
CMakeFiles/cmTC_45264.dir/build.make:97: recipe for target 'cmTC_45264' failed
make[1]: *** [cmTC_45264] Error 1
make[1]: Leaving directory '/home/matt/JBOT_Working/catkin_ws/build/robotiq_3f_gripper_articulated_gazebo/CMakeFiles/CMakeTmp'
Makefile:126: recipe for target 'cmTC_45264/fast' failed
make: *** [cmTC_45264/fast] Error 2

File /home/matt/JBOT_Working/catkin_ws/build/robotiq_3f_gripper_articulated_gazebo/CMakeFiles/CMakeTmp/CheckSymbolExists.c:
/* */
#include <pthread.h>

int main(int argc, char** argv)
{
  (void)argv;
#ifndef pthread_create
  return ((int*)(&pthread_create))[argc];
#else
  (void)argc;
  return 0;
#endif
}

Determining if the function pthread_create exists in the pthreads failed with the following output:
Change Dir: /home/matt/JBOT_Working/catkin_ws/build/robotiq_3f_gripper_articulated_gazebo/CMakeFiles/CMakeTmp

Run Build Command:"/usr/bin/make" "cmTC_74e87/fast"
/usr/bin/make -f CMakeFiles/cmTC_74e87.dir/build.make CMakeFiles/cmTC_74e87.dir/build
make[1]: Entering directory '/home/matt/JBOT_Working/catkin_ws/build/robotiq_3f_gripper_articulated_gazebo/CMakeFiles/CMakeTmp'
Building C object CMakeFiles/cmTC_74e87.dir/CheckFunctionExists.c.o
/usr/bin/cc   -DCHECK_FUNCTION_EXISTS=pthread_create   -o CMakeFiles/cmTC_74e87.dir/CheckFunctionExists.c.o   -c /usr/share/cmake-3.10/Modules/CheckFunctionExists.c
Linking C executable cmTC_74e87
/usr/bin/cmake -E cmake_link_script CMakeFiles/cmTC_74e87.dir/link.txt --verbose=1
/usr/bin/cc  -DCHECK_FUNCTION_EXISTS=pthread_create    -rdynamic CMakeFiles/cmTC_74e87.dir/CheckFunctionExists.c.o  -o cmTC_74e87 -lpthreads 
/usr/bin/ld: cannot find -lpthreads
collect2: error: ld returned 1 exit status
CMakeFiles/cmTC_74e87.dir/build.make:97: recipe for target 'cmTC_74e87' failed
make[1]: *** [cmTC_74e87] Error 1
make[1]: Leaving directory '/home/matt/JBOT_Working/catkin_ws/build/robotiq_3f_gripper_articulated_gazebo/CMakeFiles/CMakeTmp'
Makefile:126: recipe for target 'cmTC_74e87/fast' failed
make: *** [cmTC_74e87/fast] Error 2


